Using pre-set license
Built from '2021.1/staging' branch; Version is '2021.1.25f1 (b6f2b893ea32) revision 11989688'; Using compiler version '192528614'; Build Type 'Release'
OS: 'Windows 10 Home; OS build 19042.1415; Version 2009; 64bit' Language: 'fr' Physical Memory: 8102 MB
BatchMode: 1, IsHumanControllingUs: 0, StartBugReporterOnCrash: 0, Is64bit: 1, IsPro: 0

COMMAND LINE ARGUMENTS:
C:\Program Files\Unity\Hub\Editor\2021.1.25f1\Editor\Unity.exe
-adb2
-batchMode
-noUpm
-name
AssetImportWorker3
-projectPath
C:/Users/chret/Documents/Projets Unity/PouleWorld
-logFile
Logs/AssetImportWorker3.log
-srvPort
51952
Successfully changed project path to: C:/Users/chret/Documents/Projets Unity/PouleWorld
C:/Users/chret/Documents/Projets Unity/PouleWorld
Using Asset Import Pipeline V2.
Refreshing native plugins compatible for Editor in 528.20 ms, found 4 plugins.
Preloading 0 native plugins for Editor in 0.00 ms.
Initialize engine version: 2021.1.25f1 (b6f2b893ea32)
[Subsystems] Discovering subsystems at path C:/Program Files/Unity/Hub/Editor/2021.1.25f1/Editor/Data/Resources/UnitySubsystems
[Subsystems] Discovering subsystems at path C:/Users/chret/Documents/Projets Unity/PouleWorld/Assets
GfxDevice: creating device client; threaded=0; jobified=0
Direct3D:
    Version:  Direct3D 11.0 [level 11.0]
    Renderer: Intel(R) HD Graphics (ID=0x106)
    Vendor:   Intel
    VRAM:     128 MB
Initialize mono
Mono path[0] = 'C:/Program Files/Unity/Hub/Editor/2021.1.25f1/Editor/Data/Managed'
Mono path[1] = 'C:/Program Files/Unity/Hub/Editor/2021.1.25f1/Editor/Data/MonoBleedingEdge/lib/mono/unityjit'
Mono config path = 'C:/Program Files/Unity/Hub/Editor/2021.1.25f1/Editor/Data/MonoBleedingEdge/etc'
Using monoOptions --debugger-agent=transport=dt_socket,embedding=1,server=y,suspend=n,address=127.0.0.1:56872
Begin MonoManager ReloadAssembly
Registering precompiled unity dll's ...
Register platform support module: C:/Program Files/Unity/Hub/Editor/2021.1.25f1/Editor/Data/PlaybackEngines/WindowsStandaloneSupport/UnityEditor.WindowsStandalone.Extensions.dll
Registered in 0.006897 seconds.
Native extension for WindowsStandalone target not found
Refreshing native plugins compatible for Editor in 739.08 ms, found 4 plugins.
Preloading 0 native plugins for Editor in 0.00 ms.
Mono: successfully reloaded assembly
- Completed reload, in  6.905 seconds
Domain Reload Profiling:
	ReloadAssembly (6907ms)
		BeginReloadAssembly (565ms)
			ExecutionOrderSort (0ms)
			DisableScriptedObjects (0ms)
			BackupInstance (0ms)
			ReleaseScriptingObjects (0ms)
			CreateAndSetChildDomain (7ms)
		EndReloadAssembly (2930ms)
			LoadAssemblies (546ms)
			RebuildTransferFunctionScriptingTraits (0ms)
			SetupTypeCache (835ms)
			ReleaseScriptCaches (0ms)
			RebuildScriptCaches (173ms)
			SetupLoadedEditorAssemblies (1626ms)
				LogAssemblyErrors (0ms)
				InitializePlatformSupportModulesInManaged (24ms)
				SetLoadedEditorAssemblies (0ms)
				RefreshPlugins (739ms)
				BeforeProcessingInitializeOnLoad (7ms)
				ProcessInitializeOnLoadAttributes (705ms)
				ProcessInitializeOnLoadMethodAttributes (150ms)
				AfterProcessingInitializeOnLoad (0ms)
				EditorAssembliesLoaded (1ms)
			ExecutionOrderSort2 (0ms)
			AwakeInstancesAfterBackupRestoration (0ms)
Platform modules already initialized, skipping
Registering precompiled user dll's ...
Registered in 0.041132 seconds.
Begin MonoManager ReloadAssembly
Symbol file LoadedFromMemory doesn't match image C:\Users\chret\Documents\Projets Unity\PouleWorld\Library\PackageCache\com.unity.visualscripting@1.6.1\Editor\VisualScripting.Core\Dependencies\YamlDotNet\Unity.VisualScripting.YamlDotNet.dll
Symbol file LoadedFromMemory doesn't match image C:\Users\chret\Documents\Projets Unity\PouleWorld\Library\PackageCache\com.unity.visualscripting@1.6.1\Editor\VisualScripting.Core\Dependencies\DotNetZip\Unity.VisualScripting.IonicZip.dll
